<?xml version="1.0" encoding="UTF-8"?>
<!-- Generated by org.testng.reporters.JUnitReportReporter -->
<testsuite hostname="LAPTOP-5Q610K75" failures="0" tests="1" name="com.brvnarealavrdnik.FacebookLinkTest" time="6.407" errors="0" timestamp="2023-04-23T12:23:41 CEST" skipped="0">
  <testcase classname="com.brvnarealavrdnik.FacebookLinkTest" name="facebookTest" time="6.407"/>
  <system-out/>
</testsuite> <!-- com.brvnarealavrdnik.FacebookLinkTest -->
