<?xml version="1.0" encoding="UTF-8"?>
<!-- Generated by org.testng.reporters.JUnitReportReporter -->
<testsuite hostname="LAPTOP-5Q610K75" failures="0" tests="1" name="com.brvnarealavrdnik.DropdownTest" time="0.762" errors="0" timestamp="2023-04-23T12:23:23 CEST" skipped="0">
  <testcase classname="com.brvnarealavrdnik.DropdownTest" name="dropdownMenuTest" time="0.762"/>
  <system-out/>
</testsuite> <!-- com.brvnarealavrdnik.DropdownTest -->
