<?xml version="1.0" encoding="UTF-8"?>
<!-- Generated by org.testng.reporters.JUnitReportReporter -->
<testsuite hostname="LAPTOP-5Q610K75" failures="0" tests="1" name="com.brvnarealavrdnik.LinksTest" time="8.584" errors="0" timestamp="2023-04-06T19:30:12 CEST" skipped="0">
  <testcase classname="com.brvnarealavrdnik.LinksTest" name="endToEndTest" time="8.584"/>
  <system-out/>
</testsuite> <!-- com.brvnarealavrdnik.LinksTest -->
